Copyright 1986-2022 Xilinx, Inc. All Rights Reserved. Copyright 2022-2025 Advanced Micro Devices, Inc. All Rights Reserved.
---------------------------------------------------------------------------------------------------------------------------------------------
| Tool Version : Vivado v.2025.2 (win64) Build 6299465 Fri Nov 14 19:35:11 GMT 2025
| Date         : Tue Apr 14 12:51:35 2026
| Host         : JayZenbook running 64-bit major release  (build 9200)
| Command      : report_control_sets -verbose -file alchitry_top_control_sets_placed.rpt
| Design       : alchitry_top
| Device       : xc7a35t
---------------------------------------------------------------------------------------------------------------------------------------------

Control Set Information

Table of Contents
-----------------
1. Summary
2. Histogram
3. Flip-Flop Distribution
4. Detailed Control Set Information

1. Summary
----------

+----------------------------------------------------------+-------+
|                          Status                          | Count |
+----------------------------------------------------------+-------+
| Total control sets                                       |    20 |
|    Minimum number of control sets                        |    20 |
|    Addition due to synthesis replication                 |     0 |
|    Addition due to physical synthesis replication        |     0 |
| Unused register locations in slices containing registers |    35 |
+----------------------------------------------------------+-------+
* Control sets can be merged at opt_design using control_set_merge or merge_equivalent_drivers
** Run report_qor_suggestions for automated merging and remapping suggestions


2. Histogram
------------

+--------------------+-------+
|       Fanout       | Count |
+--------------------+-------+
| Total control sets |    20 |
| >= 0 to < 4        |     0 |
| >= 4 to < 6        |     2 |
| >= 6 to < 8        |     1 |
| >= 8 to < 10       |     1 |
| >= 10 to < 12      |     0 |
| >= 12 to < 14      |     0 |
| >= 14 to < 16      |     0 |
| >= 16              |    16 |
+--------------------+-------+
* Control sets can be remapped at either synth_design or opt_design


3. Flip-Flop Distribution
-------------------------

+--------------+-----------------------+------------------------+-----------------+--------------+
| Clock Enable | Synchronous Set/Reset | Asynchronous Set/Reset | Total Registers | Total Slices |
+--------------+-----------------------+------------------------+-----------------+--------------+
| No           | No                    | No                     |               4 |            3 |
| No           | No                    | Yes                    |               4 |            2 |
| No           | Yes                   | No                     |              23 |           11 |
| Yes          | No                    | No                     |               0 |            0 |
| Yes          | No                    | Yes                    |               0 |            0 |
| Yes          | Yes                   | No                     |             422 |          167 |
+--------------+-----------------------+------------------------+-----------------+--------------+


4. Detailed Control Set Information
-----------------------------------

+---------------------+---------------------------------------------------------+--------------------------------------+------------------+----------------+--------------+
|     Clock Signal    |                      Enable Signal                      |           Set/Reset Signal           | Slice Load Count | Bel Load Count | Bels / Slice |
+---------------------+---------------------------------------------------------+--------------------------------------+------------------+----------------+--------------+
|  clocks/inst/clk_10 |                                                         |                                      |                3 |              4 |         1.33 |
|  clocks/inst/clk_10 |                                                         | reset_cond/D_stage_q[3]_i_1_n_0      |                2 |              4 |         2.00 |
|  clocks/inst/clk_10 | datapath/game_cu/FSM_sequential_D_game_fsm_q[5]_i_1_n_0 | reset_cond/Q[0]                      |                5 |              6 |         1.20 |
|  clocks/inst/clk_10 | mtn/D_active_timer_q[23]_i_1_n_0                        | reset_cond/Q[0]                      |                3 |              8 |         2.67 |
|  clocks/inst/clk_10 | btn_cond/sel                                            | btn_cond/sync/clear                  |                5 |             18 |         3.60 |
|  clocks/inst/clk_10 | mtn/p_0_in                                              | datapath/game_cu/SR[0]               |                8 |             19 |         2.38 |
|  clocks/inst/clk_10 | led_buzz/buzzer_pin_OBUF                                | reset_cond/D_stage_q_reg[3]_9        |                5 |             20 |         4.00 |
|  clocks/inst/clk_10 | led_buzz/led_yellow_OBUF                                | reset_cond/D_stage_q_reg[3]_8        |                6 |             21 |         3.50 |
|  clocks/inst/clk_10 | led_buzz/led_green_OBUF                                 | datapath/game_cu/D_stage_q_reg[3]_11 |                6 |             21 |         3.50 |
|  clocks/inst/clk_10 | led_buzz/led_red_OBUF                                   | reset_cond/D_stage_q_reg[3]_7        |                6 |             21 |         3.50 |
|  clocks/inst/clk_10 |                                                         | reset_cond/Q[0]                      |               11 |             23 |         2.09 |
|  clocks/inst/clk_10 | datapath/game_cu/D_stage_q_reg[3]_15[0]                 | reset_cond/Q[0]                      |               12 |             32 |         2.67 |
|  clocks/inst/clk_10 | datapath/game_cu/D_stage_q_reg[3]_16[0]                 | reset_cond/Q[0]                      |               14 |             32 |         2.29 |
|  clocks/inst/clk_10 | datapath/game_cu/D_stage_q_reg[3]_17[0]                 | reset_cond/Q[0]                      |               13 |             32 |         2.46 |
|  clocks/inst/clk_10 | datapath/game_cu/D_stage_q_reg[3]_19[0]                 | reset_cond/Q[0]                      |               14 |             32 |         2.29 |
|  clocks/inst/clk_10 | datapath/game_cu/D_stage_q_reg[3]_20[0]                 | reset_cond/Q[0]                      |               13 |             32 |         2.46 |
|  clocks/inst/clk_10 | datapath/game_cu/D_stage_q_reg[3]_21[0]                 | reset_cond/Q[0]                      |               15 |             32 |         2.13 |
|  clocks/inst/clk_10 | datapath/game_cu/D_stage_q_reg[3]_22[0]                 | reset_cond/Q[0]                      |               14 |             32 |         2.29 |
|  clocks/inst/clk_10 | datapath/game_cu/E[0]                                   | reset_cond/Q[0]                      |               14 |             32 |         2.29 |
|  clocks/inst/clk_10 | datapath/game_cu/D_stage_q_reg[3]_18[0]                 | reset_cond/Q[0]                      |               14 |             32 |         2.29 |
+---------------------+---------------------------------------------------------+--------------------------------------+------------------+----------------+--------------+


